2025-03-20 09:48:02.8315 Info Application started. Press Ctrl+C to shut down. 
2025-03-20 09:48:02.8583 Info Hosting environment: Production 
2025-03-20 09:48:02.8583 Info Content root path: C:\Users\Administrator\Desktop\WinCC.Wpfui\WinCC.Wpfui\bin\Debug\net9.0-windows10.0.22000.0 
2025-03-20 09:48:12.6379 Warn 123 
2025-03-20 09:48:13.6508 Warn 123 
2025-03-20 09:48:13.9468 Warn 123 
2025-03-20 09:48:14.1786 Warn 123 
2025-03-20 09:48:14.3468 Warn 123 
2025-03-20 09:48:14.4904 Warn 123 
2025-03-20 09:48:14.7071 Warn 123 
2025-03-20 09:48:14.8587 Warn 123 
2025-03-20 09:48:14.9949 Warn 123 
2025-03-20 09:48:15.1540 Warn 123 
2025-03-20 09:48:15.2830 Warn 123 
2025-03-20 09:48:15.4114 Warn 123 
2025-03-20 09:48:15.5462 Warn 123 
2025-03-20 09:48:15.6827 Warn 123 
2025-03-20 09:48:15.8261 Warn 123 
2025-03-20 09:48:15.9621 Warn 123 
2025-03-20 09:48:16.4904 Warn 123 
2025-03-20 09:48:16.6670 Warn 123 
2025-03-20 09:48:16.8182 Warn 123 
2025-03-20 09:48:16.9721 Warn 123 
2025-03-20 09:48:17.2596 Warn 123 
2025-03-20 09:48:17.4349 Warn 123 
2025-03-20 09:48:17.5945 Warn 123 
2025-03-20 09:48:17.7234 Warn 123 
2025-03-20 09:48:17.8581 Warn 123 
2025-03-20 09:48:20.7352 Info Application is shutting down... 
2025-03-20 11:10:07.0045 Info Application started. Press Ctrl+C to shut down. 
2025-03-20 11:10:07.0215 Info Hosting environment: Production 
2025-03-20 11:10:07.0215 Info Content root path: C:\Users\Administrator\Desktop\WinCC.Wpfui\WinCC.Wpfui\bin\Debug\net9.0-windows10.0.22000.0 
2025-03-20 11:10:08.9411 Warn 123 
2025-03-20 11:10:12.9948 Warn 123 
2025-03-20 11:10:16.4060 Info Application is shutting down... 
2025-03-20 11:14:29.8104 Info Application started. Press Ctrl+C to shut down. 
2025-03-20 11:14:29.8252 Info Hosting environment: Production 
2025-03-20 11:14:29.8252 Info Content root path: C:\Users\Administrator\Desktop\WinCC.Wpfui\WinCC.Wpfui\bin\Debug\net9.0-windows10.0.22000.0 
2025-03-20 11:14:31.8117 Warn 123 
2025-03-20 11:14:34.0220 Info Application is shutting down... 
2025-03-20 11:15:07.2206 Info Application started. Press Ctrl+C to shut down. 
2025-03-20 11:15:07.2355 Info Hosting environment: Production 
2025-03-20 11:15:07.2355 Info Content root path: C:\Users\Administrator\Desktop\WinCC.Wpfui\WinCC.Wpfui\bin\Debug\net9.0-windows10.0.22000.0 
2025-03-20 11:15:08.9555 Warn 123 
2025-03-20 11:15:14.1305 Warn 123 
2025-03-20 11:15:17.3000 Info Application is shutting down... 
