2025-03-28 09:08:15.4959 Info Application started. Press Ctrl+C to shut down. 
2025-03-28 09:08:15.5178 Info Hosting environment: Production 
2025-03-28 09:08:15.5188 Info Content root path: C:\Users\Administrator\Desktop\WinCC.Wpfui\WinCC.Wpfui\bin\Debug\net9.0-windows10.0.22000.0 
2025-03-28 09:09:04.2415 Info Application is shutting down... 
2025-03-28 10:25:33.3350 Info Application started. Press Ctrl+C to shut down. 
2025-03-28 10:25:33.3552 Info Hosting environment: Production 
2025-03-28 10:25:33.3552 Info Content root path: C:\Users\Administrator\Desktop\WinCC.Wpfui\WinCC.Wpfui\bin\Debug\net9.0-windows10.0.22000.0 
2025-03-28 10:25:38.7986 Info Application is shutting down... 
2025-03-28 10:28:27.8423 Info Application started. Press Ctrl+C to shut down. 
2025-03-28 10:28:27.8611 Info Hosting environment: Production 
2025-03-28 10:28:27.8620 Info Content root path: C:\Users\Administrator\Desktop\WinCC.Wpfui\WinCC.Wpfui\bin\Debug\net9.0-windows10.0.22000.0 
2025-03-28 10:28:36.3883 Info Application is shutting down... 
2025-03-28 10:29:26.9234 Info Application started. Press Ctrl+C to shut down. 
2025-03-28 10:29:26.9403 Info Hosting environment: Production 
2025-03-28 10:29:26.9403 Info Content root path: C:\Users\Administrator\Desktop\WinCC.Wpfui\WinCC.Wpfui\bin\Debug\net9.0-windows10.0.22000.0 
2025-03-28 10:29:39.1415 Info Application is shutting down... 
2025-03-28 10:31:20.1255 Info Application started. Press Ctrl+C to shut down. 
2025-03-28 10:31:20.1404 Info Hosting environment: Production 
2025-03-28 10:31:20.1404 Info Content root path: C:\Users\Administrator\Desktop\WinCC.Wpfui\WinCC.Wpfui\bin\Debug\net9.0-windows10.0.22000.0 
2025-03-28 10:31:53.3305 Info Application started. Press Ctrl+C to shut down. 
2025-03-28 10:31:53.3524 Info Hosting environment: Production 
2025-03-28 10:31:53.3524 Info Content root path: C:\Users\Administrator\Desktop\WinCC.Wpfui\WinCC.Wpfui\bin\Debug\net9.0-windows10.0.22000.0 
2025-03-28 10:31:57.3714 Info Application is shutting down... 
2025-03-28 10:32:09.6882 Info Application started. Press Ctrl+C to shut down. 
2025-03-28 10:32:09.7088 Info Hosting environment: Production 
2025-03-28 10:32:09.7088 Info Content root path: C:\Users\Administrator\Desktop\WinCC.Wpfui\WinCC.Wpfui\bin\Debug\net9.0-windows10.0.22000.0 
2025-03-28 10:32:22.4059 Info Application is shutting down... 
2025-03-28 10:34:08.7671 Info Application started. Press Ctrl+C to shut down. 
2025-03-28 10:34:08.7817 Info Hosting environment: Production 
2025-03-28 10:34:08.7817 Info Content root path: C:\Users\Administrator\Desktop\WinCC.Wpfui\WinCC.Wpfui\bin\Debug\net9.0-windows10.0.22000.0 
2025-03-28 10:34:14.5119 Info Application is shutting down... 
2025-03-28 10:54:47.6180 Info Application started. Press Ctrl+C to shut down. 
2025-03-28 10:54:47.6339 Info Hosting environment: Production 
2025-03-28 10:54:47.6339 Info Content root path: C:\Users\Administrator\Desktop\WinCC.Wpfui\WinCC.Wpfui\bin\Debug\net9.0-windows10.0.22000.0 
2025-03-28 10:56:57.1066 Info Application started. Press Ctrl+C to shut down. 
2025-03-28 10:56:57.1239 Info Hosting environment: Production 
2025-03-28 10:56:57.1239 Info Content root path: C:\Users\Administrator\Desktop\WinCC.Wpfui\WinCC.Wpfui\bin\Debug\net9.0-windows10.0.22000.0 
2025-03-28 10:57:03.1908 Info Application is shutting down... 
2025-03-28 10:58:42.7794 Info Application started. Press Ctrl+C to shut down. 
2025-03-28 10:58:42.8003 Info Hosting environment: Production 
2025-03-28 10:58:42.8003 Info Content root path: C:\Users\Administrator\Desktop\WinCC.Wpfui\WinCC.Wpfui\bin\Debug\net9.0-windows10.0.22000.0 
2025-03-28 10:58:50.1284 Info Application is shutting down... 
2025-03-28 11:01:47.1336 Info Application started. Press Ctrl+C to shut down. 
2025-03-28 11:01:47.1538 Info Hosting environment: Production 
2025-03-28 11:01:47.1538 Info Content root path: C:\Users\Administrator\Desktop\WinCC.Wpfui\WinCC.Wpfui\bin\Debug\net9.0-windows10.0.22000.0 
2025-03-28 11:01:55.3874 Info Application is shutting down... 
2025-03-28 11:02:02.7966 Info Application started. Press Ctrl+C to shut down. 
2025-03-28 11:02:02.8105 Info Hosting environment: Production 
2025-03-28 11:02:02.8105 Info Content root path: C:\Users\Administrator\Desktop\WinCC.Wpfui\WinCC.Wpfui\bin\Debug\net9.0-windows10.0.22000.0 
2025-03-28 11:02:37.1256 Info Application is shutting down... 
2025-03-28 11:02:48.2614 Info Application started. Press Ctrl+C to shut down. 
2025-03-28 11:02:48.2789 Info Hosting environment: Production 
2025-03-28 11:02:48.2789 Info Content root path: C:\Users\Administrator\Desktop\WinCC.Wpfui\WinCC.Wpfui\bin\Debug\net9.0-windows10.0.22000.0 
2025-03-28 11:03:33.3900 Info Application is shutting down... 
2025-03-28 11:08:24.4799 Info Application started. Press Ctrl+C to shut down. 
2025-03-28 11:08:24.4956 Info Hosting environment: Production 
2025-03-28 11:08:24.4956 Info Content root path: C:\Users\Administrator\Desktop\WinCC.Wpfui\WinCC.Wpfui\bin\Debug\net9.0-windows10.0.22000.0 
2025-03-28 11:08:47.9873 Info Application is shutting down... 
2025-03-28 11:09:19.8870 Info Application started. Press Ctrl+C to shut down. 
2025-03-28 11:09:19.9020 Info Hosting environment: Production 
2025-03-28 11:09:19.9020 Info Content root path: C:\Users\Administrator\Desktop\WinCC.Wpfui\WinCC.Wpfui\bin\Debug\net9.0-windows10.0.22000.0 
2025-03-28 11:09:30.6986 Info Application is shutting down... 
2025-03-28 11:11:23.3752 Info Application started. Press Ctrl+C to shut down. 
2025-03-28 11:11:23.3916 Info Hosting environment: Production 
2025-03-28 11:11:23.3916 Info Content root path: C:\Users\Administrator\Desktop\WinCC.Wpfui\WinCC.Wpfui\bin\Debug\net9.0-windows10.0.22000.0 
2025-03-28 11:15:11.9954 Info Application started. Press Ctrl+C to shut down. 
2025-03-28 11:15:12.0131 Info Hosting environment: Production 
2025-03-28 11:15:12.0131 Info Content root path: C:\Users\Administrator\Desktop\WinCC.Wpfui\WinCC.Wpfui\bin\Debug\net9.0-windows10.0.22000.0 
2025-03-28 11:16:52.1502 Warn 123 
2025-03-28 11:16:55.5547 Warn 123 
2025-03-28 11:16:59.7931 Warn 123 
2025-03-28 11:17:23.0013 Warn 123 
2025-03-28 11:17:50.9039 Info Application is shutting down... 
2025-03-28 11:18:28.0470 Info Application started. Press Ctrl+C to shut down. 
2025-03-28 11:18:28.0700 Info Hosting environment: Production 
2025-03-28 11:18:28.0700 Info Content root path: C:\Users\Administrator\Desktop\WinCC.Wpfui\WinCC.Wpfui\bin\Debug\net9.0-windows10.0.22000.0 
2025-03-28 11:18:32.9894 Info Application is shutting down... 
2025-03-28 11:18:45.5759 Info Application started. Press Ctrl+C to shut down. 
2025-03-28 11:18:45.5924 Info Hosting environment: Production 
2025-03-28 11:18:45.5924 Info Content root path: C:\Users\Administrator\Desktop\WinCC.Wpfui\WinCC.Wpfui\bin\Debug\net9.0-windows10.0.22000.0 
2025-03-28 11:18:55.0062 Info Application is shutting down... 
2025-03-28 11:19:20.2592 Info Application started. Press Ctrl+C to shut down. 
2025-03-28 11:19:20.2772 Info Hosting environment: Production 
2025-03-28 11:19:20.2772 Info Content root path: C:\Users\Administrator\Desktop\WinCC.Wpfui\WinCC.Wpfui\bin\Debug\net9.0-windows10.0.22000.0 
2025-03-28 11:22:38.1046 Info Application started. Press Ctrl+C to shut down. 
2025-03-28 11:22:38.1209 Info Hosting environment: Production 
2025-03-28 11:22:38.1209 Info Content root path: C:\Users\Administrator\Desktop\WinCC.Wpfui\WinCC.Wpfui\bin\Debug\net9.0-windows10.0.22000.0 
2025-03-28 11:23:21.1799 Info Application is shutting down... 
2025-03-28 11:24:10.3150 Info Application started. Press Ctrl+C to shut down. 
2025-03-28 11:24:10.3320 Info Hosting environment: Production 
2025-03-28 11:24:10.3320 Info Content root path: C:\Users\Administrator\Desktop\WinCC.Wpfui\WinCC.Wpfui\bin\Debug\net9.0-windows10.0.22000.0 
2025-03-28 11:24:20.1177 Info Application is shutting down... 
2025-03-28 11:24:34.3674 Info Application started. Press Ctrl+C to shut down. 
2025-03-28 11:24:34.3815 Info Hosting environment: Production 
2025-03-28 11:24:34.3815 Info Content root path: C:\Users\Administrator\Desktop\WinCC.Wpfui\WinCC.Wpfui\bin\Debug\net9.0-windows10.0.22000.0 
2025-03-28 11:24:38.2520 Info Application is shutting down... 
2025-03-28 11:25:04.7691 Info Application started. Press Ctrl+C to shut down. 
2025-03-28 11:25:04.7856 Info Hosting environment: Production 
2025-03-28 11:25:04.7856 Info Content root path: C:\Users\Administrator\Desktop\WinCC.Wpfui\WinCC.Wpfui\bin\Debug\net9.0-windows10.0.22000.0 
2025-03-28 11:25:09.8462 Info Application is shutting down... 
2025-03-28 11:25:38.7821 Info Application started. Press Ctrl+C to shut down. 
2025-03-28 11:25:38.8010 Info Hosting environment: Production 
2025-03-28 11:25:38.8010 Info Content root path: C:\Users\Administrator\Desktop\WinCC.Wpfui\WinCC.Wpfui\bin\Debug\net9.0-windows10.0.22000.0 
2025-03-28 11:25:48.6400 Info Application is shutting down... 
2025-03-28 11:28:21.2975 Info Application started. Press Ctrl+C to shut down. 
2025-03-28 11:28:21.3177 Info Hosting environment: Production 
2025-03-28 11:28:21.3177 Info Content root path: C:\Users\Administrator\Desktop\WinCC.Wpfui\WinCC.Wpfui\bin\Debug\net9.0-windows10.0.22000.0 
2025-03-28 11:37:47.0792 Info Application started. Press Ctrl+C to shut down. 
2025-03-28 11:37:47.0945 Info Hosting environment: Production 
2025-03-28 11:37:47.0945 Info Content root path: C:\Users\Administrator\Desktop\WinCC.Wpfui\WinCC.Wpfui\bin\Debug\net9.0-windows10.0.22000.0 
2025-03-28 11:42:43.8436 Info Application started. Press Ctrl+C to shut down. 
2025-03-28 11:42:43.8610 Info Hosting environment: Production 
2025-03-28 11:42:43.8610 Info Content root path: C:\Users\Administrator\Desktop\WinCC.Wpfui\WinCC.Wpfui\bin\Debug\net9.0-windows10.0.22000.0 
2025-03-28 11:43:07.2095 Warn 123 
2025-03-28 11:44:07.5008 Info Application is shutting down... 
2025-03-28 11:44:38.3966 Info Application started. Press Ctrl+C to shut down. 
2025-03-28 11:44:38.4137 Info Hosting environment: Production 
2025-03-28 11:44:38.4137 Info Content root path: C:\Users\Administrator\Desktop\WinCC.Wpfui\WinCC.Wpfui\bin\Debug\net9.0-windows10.0.22000.0 
2025-03-28 11:44:42.0905 Warn 123 
2025-03-28 13:31:20.5515 Info Application started. Press Ctrl+C to shut down. 
2025-03-28 13:31:20.5787 Info Hosting environment: Production 
2025-03-28 13:31:20.5787 Info Content root path: C:\Users\Administrator\Desktop\WinCC.Wpfui\WinCC.Wpfui\bin\Debug\net9.0-windows10.0.22000.0 
2025-03-28 13:32:02.3209 Info Application is shutting down... 
