2025-03-22 09:21:16.0776 Info Application started. Press Ctrl+C to shut down. 
2025-03-22 09:21:16.1126 Info Hosting environment: Production 
2025-03-22 09:21:16.1126 Info Content root path: C:\Users\Administrator\Desktop\WinCC.Wpfui\WinCC.Wpfui\bin\Debug\net9.0-windows10.0.22000.0 
2025-03-22 09:24:37.0220 Info Application started. Press Ctrl+C to shut down. 
2025-03-22 09:24:37.0378 Info Hosting environment: Production 
2025-03-22 09:24:37.0378 Info Content root path: C:\Users\Administrator\Desktop\WinCC.Wpfui\WinCC.Wpfui\bin\Debug\net9.0-windows10.0.22000.0 
2025-03-22 09:24:50.1700 Info Application is shutting down... 
2025-03-22 09:41:26.9660 Info Application started. Press Ctrl+C to shut down. 
2025-03-22 09:41:26.9831 Info Hosting environment: Production 
2025-03-22 09:41:26.9831 Info Content root path: C:\Users\Administrator\Desktop\WinCC.Wpfui\WinCC.Wpfui\bin\Debug\net9.0-windows10.0.22000.0 
2025-03-22 09:41:30.3586 Warn 123 
2025-03-22 09:41:32.9553 Warn 123 
2025-03-22 09:41:50.7356 Info Application is shutting down... 
2025-03-22 09:47:52.3291 Info Application started. Press Ctrl+C to shut down. 
2025-03-22 09:47:52.3430 Info Hosting environment: Production 
2025-03-22 09:47:52.3430 Info Content root path: C:\Users\Administrator\Desktop\WinCC.Wpfui\WinCC.Wpfui\bin\Debug\net9.0-windows10.0.22000.0 
2025-03-22 09:48:06.4604 Info Application is shutting down... 
2025-03-22 10:08:39.8897 Info Application started. Press Ctrl+C to shut down. 
2025-03-22 10:08:39.9149 Info Hosting environment: Production 
2025-03-22 10:08:39.9149 Info Content root path: C:\Users\Administrator\Desktop\WinCC.Wpfui\WinCC.Wpfui\bin\Debug\net9.0-windows10.0.22000.0 
2025-03-22 10:10:13.5959 Info Application started. Press Ctrl+C to shut down. 
2025-03-22 10:10:13.6110 Info Hosting environment: Production 
2025-03-22 10:10:13.6110 Info Content root path: C:\Users\Administrator\Desktop\WinCC.Wpfui\WinCC.Wpfui\bin\Debug\net9.0-windows10.0.22000.0 
2025-03-22 10:10:16.8335 Info Application is shutting down... 
2025-03-22 10:10:43.8913 Info Application started. Press Ctrl+C to shut down. 
2025-03-22 10:10:43.9115 Info Hosting environment: Production 
2025-03-22 10:10:43.9115 Info Content root path: C:\Users\Administrator\Desktop\WinCC.Wpfui\WinCC.Wpfui\bin\Debug\net9.0-windows10.0.22000.0 
2025-03-22 10:12:44.1282 Info Application started. Press Ctrl+C to shut down. 
2025-03-22 10:12:44.1454 Info Hosting environment: Production 
2025-03-22 10:12:44.1454 Info Content root path: C:\Users\Administrator\Desktop\WinCC.Wpfui\WinCC.Wpfui\bin\Debug\net9.0-windows10.0.22000.0 
2025-03-22 10:13:30.7611 Info Application started. Press Ctrl+C to shut down. 
2025-03-22 10:13:30.7802 Info Hosting environment: Production 
2025-03-22 10:13:30.7802 Info Content root path: C:\Users\Administrator\Desktop\WinCC.Wpfui\WinCC.Wpfui\bin\Debug\net9.0-windows10.0.22000.0 
2025-03-22 10:14:42.9111 Info Application started. Press Ctrl+C to shut down. 
2025-03-22 10:14:42.9329 Info Hosting environment: Production 
2025-03-22 10:14:42.9329 Info Content root path: C:\Users\Administrator\Desktop\WinCC.Wpfui\WinCC.Wpfui\bin\Debug\net9.0-windows10.0.22000.0 
2025-03-22 10:18:55.5767 Warn 123 
2025-03-22 10:23:33.3994 Warn 123 
2025-03-22 10:23:37.8312 Warn 123 
2025-03-22 10:24:40.8314 Info Application is shutting down... 
2025-03-22 10:32:12.4674 Info Application started. Press Ctrl+C to shut down. 
2025-03-22 10:32:12.4841 Info Hosting environment: Production 
2025-03-22 10:32:12.4841 Info Content root path: C:\Users\Administrator\Desktop\WinCC.Wpfui\WinCC.Wpfui\bin\Debug\net9.0-windows10.0.22000.0 
2025-03-22 10:41:20.9040 Info Application started. Press Ctrl+C to shut down. 
2025-03-22 10:41:20.9207 Info Hosting environment: Production 
2025-03-22 10:41:20.9207 Info Content root path: C:\Users\Administrator\Desktop\WinCC.Wpfui\WinCC.Wpfui\bin\Debug\net9.0-windows10.0.22000.0 
2025-03-22 10:41:27.6366 Info Application is shutting down... 
2025-03-22 10:49:42.6207 Info Application started. Press Ctrl+C to shut down. 
2025-03-22 10:49:42.6388 Info Hosting environment: Production 
2025-03-22 10:49:42.6388 Info Content root path: C:\Users\Administrator\Desktop\WinCC.Wpfui\WinCC.Wpfui\bin\Debug\net9.0-windows10.0.22000.0 
2025-03-22 10:50:54.0639 Info Application started. Press Ctrl+C to shut down. 
2025-03-22 10:50:54.0812 Info Hosting environment: Production 
2025-03-22 10:50:54.0812 Info Content root path: C:\Users\Administrator\Desktop\WinCC.Wpfui\WinCC.Wpfui\bin\Debug\net9.0-windows10.0.22000.0 
2025-03-22 10:51:50.6241 Info Application started. Press Ctrl+C to shut down. 
2025-03-22 10:51:50.6453 Info Hosting environment: Production 
2025-03-22 10:51:50.6453 Info Content root path: C:\Users\Administrator\Desktop\WinCC.Wpfui\WinCC.Wpfui\bin\Debug\net9.0-windows10.0.22000.0 
2025-03-22 10:53:17.0328 Warn 123 
2025-03-22 11:46:19.4900 Info Application started. Press Ctrl+C to shut down. 
2025-03-22 11:46:19.5136 Info Hosting environment: Production 
2025-03-22 11:46:19.5136 Info Content root path: C:\Users\Administrator\Desktop\WinCC.Wpfui\WinCC.Wpfui\bin\Debug\net9.0-windows10.0.22000.0 
2025-03-22 11:49:53.5162 Info Application is shutting down... 
