2025-03-19 10:09:03.7038 Info Application started. 
2025-03-19 10:09:04.3393 Info Application started. Press Ctrl+C to shut down. 
2025-03-19 10:09:04.3458 Info Hosting environment: Production 
2025-03-19 10:09:04.3458 Info Content root path: C:\Users\Administrator\Desktop\WinCC.Wpfui\WinCC.Wpfui\bin\Debug\net9.0-windows10.0.22000.0 
2025-03-19 10:09:05.9192 Warn 123 
2025-03-19 10:09:06.2567 Warn 123 
2025-03-19 10:11:09.3836 Info Application started. Press Ctrl+C to shut down. 
2025-03-19 10:11:09.4032 Info Hosting environment: Production 
2025-03-19 10:11:09.4032 Info Content root path: C:\Users\Administrator\Desktop\WinCC.Wpfui\WinCC.Wpfui\bin\Debug\net9.0-windows10.0.22000.0 
2025-03-19 10:11:17.9817 Warn 123 
2025-03-19 10:11:18.8249 Warn 123 
2025-03-19 10:11:19.8493 Warn 123 
2025-03-19 10:11:41.4551 Warn 123 
2025-03-19 10:11:41.6638 Warn 123 
2025-03-19 10:11:41.8237 Warn 123 
2025-03-19 10:11:51.6710 Warn 123 
2025-03-19 10:11:51.8319 Warn 123 
2025-03-19 10:11:51.9989 Warn 123 
2025-03-19 10:11:52.1435 Warn 123 
2025-03-19 10:11:52.2870 Warn 123 
2025-03-19 10:11:52.4718 Warn 123 
2025-03-19 10:11:52.6309 Warn 123 
2025-03-19 10:11:52.7675 Warn 123 
2025-03-19 10:11:52.9192 Warn 123 
2025-03-19 10:11:53.0555 Warn 123 
2025-03-19 10:11:53.2553 Warn 123 
2025-03-19 10:11:53.4233 Warn 123 
2025-03-19 10:11:53.5688 Warn 123 
2025-03-19 10:11:53.7119 Warn 123 
2025-03-19 10:11:53.8487 Warn 123 
2025-03-19 10:11:56.6085 Info Application is shutting down... 
2025-03-19 10:14:32.8071 Info Application started. Press Ctrl+C to shut down. 
2025-03-19 10:14:32.8258 Info Hosting environment: Production 
2025-03-19 10:14:32.8258 Info Content root path: C:\Users\Administrator\Desktop\WinCC.Wpfui\WinCC.Wpfui\bin\Debug\net9.0-windows10.0.22000.0 
2025-03-19 10:14:35.5867 Warn 123 
2025-03-19 10:14:35.7381 Warn 123 
2025-03-19 10:14:35.8800 Warn 123 
2025-03-19 10:14:36.0158 Warn 123 
2025-03-19 10:14:36.3764 Warn 123 
2025-03-19 10:14:36.5371 Warn 123 
2025-03-19 10:14:36.6840 Warn 123 
2025-03-19 10:14:36.9038 Warn 123 
2025-03-19 10:14:37.0476 Warn 123 
2025-03-19 10:14:37.1841 Warn 123 
2025-03-19 10:14:37.3362 Warn 123 
2025-03-19 10:14:37.4899 Warn 123 
2025-03-19 10:14:37.6157 Warn 123 
2025-03-19 10:14:37.7679 Warn 123 
2025-03-19 10:14:37.9132 Warn 123 
2025-03-19 10:14:38.0638 Warn 123 
2025-03-19 10:14:38.2178 Warn 123 
2025-03-19 10:14:38.3604 Warn 123 
2025-03-19 10:14:38.4961 Warn 123 
2025-03-19 10:14:38.6322 Warn 123 
2025-03-19 10:14:38.7845 Warn 123 
2025-03-19 10:14:38.9285 Warn 123 
2025-03-19 10:14:39.0640 Warn 123 
2025-03-19 10:14:39.2078 Warn 123 
2025-03-19 10:14:39.4081 Warn 123 
2025-03-19 10:14:39.5683 Warn 123 
2025-03-19 10:14:39.7127 Warn 123 
2025-03-19 10:14:39.8724 Warn 123 
2025-03-19 10:14:40.0078 Warn 123 
2025-03-19 10:14:40.1515 Warn 123 
2025-03-19 10:14:40.3038 Warn 123 
2025-03-19 10:14:40.4475 Warn 123 
2025-03-19 10:14:40.5837 Warn 123 
2025-03-19 10:14:40.7358 Warn 123 
2025-03-19 10:14:40.8808 Warn 123 
2025-03-19 10:14:41.0395 Warn 123 
2025-03-19 10:14:41.3515 Warn 123 
2025-03-19 10:14:41.4958 Warn 123 
2025-03-19 10:14:41.8075 Warn 123 
2025-03-19 10:14:41.9609 Warn 123 
2025-03-19 10:14:42.1125 Warn 123 
2025-03-19 10:14:42.2718 Warn 123 
2025-03-19 10:14:42.4241 Warn 123 
2025-03-19 10:14:42.5836 Warn 123 
2025-03-19 10:14:42.7519 Warn 123 
2025-03-19 10:14:42.9279 Warn 123 
2025-03-19 10:14:43.0721 Warn 123 
2025-03-19 10:14:43.2474 Warn 123 
2025-03-19 10:14:43.3837 Warn 123 
2025-03-19 10:14:43.5514 Warn 123 
2025-03-19 10:14:43.8716 Warn 123 
2025-03-19 10:14:44.0238 Warn 123 
2025-03-19 10:14:44.1832 Warn 123 
2025-03-19 10:14:44.3515 Warn 123 
2025-03-19 10:14:44.4954 Warn 123 
2025-03-19 10:14:44.6714 Warn 123 
2025-03-19 10:14:44.9756 Warn 123 
2025-03-19 10:14:45.1435 Warn 123 
2025-03-19 10:14:45.3039 Warn 123 
2025-03-19 10:14:45.4314 Warn 123 
2025-03-19 10:14:45.6003 Warn 123 
2025-03-19 10:14:45.7436 Warn 123 
2025-03-19 10:14:45.9034 Warn 123 
2025-03-19 10:14:46.0473 Warn 123 
2025-03-19 10:14:46.2084 Warn 123 
2025-03-19 10:14:50.2915 Info Application is shutting down... 
2025-03-19 14:34:50.3417 Info Application started. Press Ctrl+C to shut down. 
2025-03-19 14:34:50.3701 Info Hosting environment: Production 
2025-03-19 14:34:50.3701 Info Content root path: C:\Users\Administrator\Desktop\WinCC.Wpfui\WinCC.Wpfui\bin\Debug\net9.0-windows10.0.22000.0 
2025-03-19 14:34:52.5104 Warn 123 
2025-03-19 14:34:55.4291 Warn 123 
2025-03-19 14:34:58.1572 Warn 123 
2025-03-19 14:35:00.7334 Warn 123 
2025-03-19 14:35:03.5975 Warn 123 
2025-03-19 14:35:05.6546 Warn 123 
2025-03-19 14:35:08.3972 Warn 123 
2025-03-19 14:35:10.8776 Warn 123 
2025-03-19 14:35:53.2069 Warn 123 
2025-03-19 14:35:54.6389 Warn 123 
2025-03-19 14:35:57.4074 Warn 123 
2025-03-19 14:36:05.2556 Warn 123 
2025-03-19 14:36:07.8309 Warn 123 
2025-03-19 14:36:10.3593 Warn 123 
2025-03-19 14:36:11.4553 Warn 123 
2025-03-19 14:36:12.8316 Warn 123 
2025-03-19 14:36:13.4956 Warn 123 
2025-03-19 14:36:14.2560 Warn 123 
2025-03-19 14:36:14.9765 Warn 123 
2025-03-19 14:36:15.6397 Warn 123 
2025-03-19 14:36:16.1917 Warn 123 
2025-03-19 14:36:16.6318 Warn 123 
2025-03-19 14:36:16.7917 Warn 123 
2025-03-19 14:36:16.9434 Warn 123 
2025-03-19 14:36:17.3758 Warn 123 
2025-03-19 14:36:18.4878 Warn 123 
2025-03-19 14:36:20.0087 Warn 123 
2025-03-19 14:36:21.8256 Warn 123 
2025-03-19 14:36:22.4722 Warn 123 
2025-03-19 14:36:24.4637 Warn 123 
2025-03-19 14:36:24.6240 Warn 123 
2025-03-19 14:36:36.3845 Warn 123 
2025-03-19 14:36:41.1528 Warn 123 
2025-03-19 14:36:42.8164 Warn 123 
2025-03-19 14:37:08.8813 Warn 123 
2025-03-19 14:37:09.5853 Warn 123 
2025-03-19 14:37:09.7218 Warn 123 
2025-03-19 14:37:09.8810 Warn 123 
2025-03-19 14:37:19.1732 Info Application started. Press Ctrl+C to shut down. 
2025-03-19 14:37:19.1948 Info Hosting environment: Production 
2025-03-19 14:37:19.1948 Info Content root path: C:\Users\Administrator\Desktop\WinCC.Wpfui\WinCC.Wpfui\bin\Debug\net9.0-windows10.0.22000.0 
2025-03-19 14:37:21.5475 Warn 123 
2025-03-19 14:37:24.0196 Warn 123 
2025-03-19 14:37:29.4979 Warn 123 
2025-03-19 14:37:32.4574 Warn 123 
2025-03-19 14:37:36.2772 Info Application is shutting down... 
2025-03-19 14:37:46.8512 Info Application started. Press Ctrl+C to shut down. 
2025-03-19 14:37:46.8733 Info Hosting environment: Production 
2025-03-19 14:37:46.8733 Info Content root path: C:\Users\Administrator\Desktop\WinCC.Wpfui\WinCC.Wpfui\bin\Debug\net9.0-windows10.0.22000.0 
2025-03-19 14:37:49.2374 Warn 123 
2025-03-19 14:37:51.8197 Warn 123 
2025-03-19 14:37:53.9031 Info Application is shutting down... 
2025-03-19 14:38:12.4726 Info Application started. Press Ctrl+C to shut down. 
2025-03-19 14:38:12.4902 Info Hosting environment: Production 
2025-03-19 14:38:12.4902 Info Content root path: C:\Users\Administrator\Desktop\WinCC.Wpfui\WinCC.Wpfui\bin\Debug\net9.0-windows10.0.22000.0 
2025-03-19 14:38:14.2851 Warn 123 
2025-03-19 14:38:16.7074 Warn 123 
2025-03-19 14:38:19.2349 Warn 123 
2025-03-19 14:38:21.4673 Info Application is shutting down... 
2025-03-19 14:38:36.1620 Info Application started. Press Ctrl+C to shut down. 
2025-03-19 14:38:36.1827 Info Hosting environment: Production 
2025-03-19 14:38:36.1827 Info Content root path: C:\Users\Administrator\Desktop\WinCC.Wpfui\WinCC.Wpfui\bin\Debug\net9.0-windows10.0.22000.0 
2025-03-19 14:38:37.8220 Warn 123 
2025-03-19 14:38:40.3014 Warn 123 
2025-03-19 14:38:43.6771 Warn 123 
2025-03-19 14:38:46.1480 Warn 123 
2025-03-19 14:38:48.5081 Warn 123 
2025-03-19 14:38:50.5803 Info Application is shutting down... 
2025-03-19 14:39:00.1115 Info Application started. Press Ctrl+C to shut down. 
2025-03-19 14:39:00.1314 Info Hosting environment: Production 
2025-03-19 14:39:00.1314 Info Content root path: C:\Users\Administrator\Desktop\WinCC.Wpfui\WinCC.Wpfui\bin\Debug\net9.0-windows10.0.22000.0 
2025-03-19 14:39:01.6068 Warn 123 
2025-03-19 14:39:03.3652 Warn 123 
2025-03-19 14:39:07.3082 Warn 123 
2025-03-19 14:39:08.7403 Warn 123 
2025-03-19 14:39:11.9356 Info Application is shutting down... 
2025-03-19 14:39:20.8463 Info Application started. Press Ctrl+C to shut down. 
2025-03-19 14:39:20.8610 Info Hosting environment: Production 
2025-03-19 14:39:20.8610 Info Content root path: C:\Users\Administrator\Desktop\WinCC.Wpfui\WinCC.Wpfui\bin\Debug\net9.0-windows10.0.22000.0 
2025-03-19 14:39:22.5354 Warn 123 
2025-03-19 14:39:24.4695 Warn 123 
2025-03-19 14:39:27.8964 Info Application is shutting down... 
2025-03-19 14:39:36.2242 Info Application started. Press Ctrl+C to shut down. 
2025-03-19 14:39:36.2461 Info Hosting environment: Production 
2025-03-19 14:39:36.2461 Info Content root path: C:\Users\Administrator\Desktop\WinCC.Wpfui\WinCC.Wpfui\bin\Debug\net9.0-windows10.0.22000.0 
2025-03-19 14:39:38.0789 Warn 123 
2025-03-19 14:39:40.5740 Warn 123 
2025-03-19 14:39:43.4135 Info Application is shutting down... 
2025-03-19 14:39:51.3234 Info Application started. Press Ctrl+C to shut down. 
2025-03-19 14:39:51.3414 Info Hosting environment: Production 
2025-03-19 14:39:51.3414 Info Content root path: C:\Users\Administrator\Desktop\WinCC.Wpfui\WinCC.Wpfui\bin\Debug\net9.0-windows10.0.22000.0 
2025-03-19 14:39:52.8799 Warn 123 
2025-03-19 14:39:57.6223 Warn 123 
2025-03-19 14:39:59.5581 Warn 123 
2025-03-19 14:40:00.2222 Warn 123 
2025-03-19 14:40:03.1020 Warn 123 
2025-03-19 14:40:07.2597 Info Application is shutting down... 
